e:\ydyun\study_project\remotectrl\remoteclient\debug\remoteclient.pch
e:\ydyun\study_project\remotectrl\remoteclient\debug\vc143.pdb
e:\ydyun\study_project\remotectrl\remoteclient\debug\vc143.idb
e:\ydyun\study_project\remotectrl\remoteclient\debug\pch.obj
e:\ydyun\study_project\remotectrl\remoteclient\debug\watchdialog.obj
e:\ydyun\study_project\remotectrl\remoteclient\debug\statusdlg.obj
e:\ydyun\study_project\remotectrl\remoteclient\debug\remoteclientdlg.obj
e:\ydyun\study_project\remotectrl\remoteclient\debug\remoteclient.obj
e:\ydyun\study_project\remotectrl\remoteclient\debug\clientsocket.obj
e:\ydyun\study_project\remotectrl\remoteclient\debug\clientcontroller.obj
e:\ydyun\study_project\remotectrl\remoteclient\debug\remoteclient.res
e:\ydyun\study_project\remotectrl\debug\remoteclient.pdb
e:\ydyun\study_project\remotectrl\remoteclient\debug\remoteclient.tlog\cl.command.1.tlog
e:\ydyun\study_project\remotectrl\remoteclient\debug\remoteclient.tlog\cl.read.1.tlog
e:\ydyun\study_project\remotectrl\remoteclient\debug\remoteclient.tlog\cl.write.1.tlog
e:\ydyun\study_project\remotectrl\remoteclient\debug\remoteclient.tlog\link-cvtres.read.1.tlog
e:\ydyun\study_project\remotectrl\remoteclient\debug\remoteclient.tlog\link-cvtres.write.1.tlog
e:\ydyun\study_project\remotectrl\remoteclient\debug\remoteclient.tlog\link-mt.read.1.tlog
e:\ydyun\study_project\remotectrl\remoteclient\debug\remoteclient.tlog\link-mt.write.1.tlog
e:\ydyun\study_project\remotectrl\remoteclient\debug\remoteclient.tlog\link-rc.read.1.tlog
e:\ydyun\study_project\remotectrl\remoteclient\debug\remoteclient.tlog\link-rc.write.1.tlog
e:\ydyun\study_project\remotectrl\remoteclient\debug\remoteclient.tlog\link.command.1.tlog
e:\ydyun\study_project\remotectrl\remoteclient\debug\remoteclient.tlog\link.read.1.tlog
e:\ydyun\study_project\remotectrl\remoteclient\debug\remoteclient.tlog\link.write.1.tlog
e:\ydyun\study_project\remotectrl\remoteclient\debug\remoteclient.tlog\rc.command.1.tlog
e:\ydyun\study_project\remotectrl\remoteclient\debug\remoteclient.tlog\rc.read.1.tlog
e:\ydyun\study_project\remotectrl\remoteclient\debug\remoteclient.tlog\rc.write.1.tlog
