e:\ydyun\study_project\remotectrl\remotectrl\debug\remotectrl.pch
e:\ydyun\study_project\remotectrl\remotectrl\debug\pch.obj
e:\ydyun\study_project\remotectrl\remotectrl\debug\vc143.pdb
e:\ydyun\study_project\remotectrl\remotectrl\debug\serversocket.obj
e:\ydyun\study_project\remotectrl\remotectrl\debug\remotectrl.obj
e:\ydyun\study_project\remotectrl\debug\remotectrl.exe
e:\ydyun\study_project\remotectrl\debug\remotectrl.pdb
e:\ydyun\study_project\remotectrl\remotectrl\debug\remotectrl.res
e:\ydyun\study_project\remotectrl\remotectrl\debug\remotectrl.ilk
e:\ydyun\study_project\remotectrl\remotectrl\debug\vc143.idb
e:\ydyun\study_project\remotectrl\remotectrl\debug\remotectrl.tlog\cl.command.1.tlog
e:\ydyun\study_project\remotectrl\remotectrl\debug\remotectrl.tlog\cl.items.tlog
e:\ydyun\study_project\remotectrl\remotectrl\debug\remotectrl.tlog\cl.read.1.tlog
e:\ydyun\study_project\remotectrl\remotectrl\debug\remotectrl.tlog\cl.write.1.tlog
e:\ydyun\study_project\remotectrl\remotectrl\debug\remotectrl.tlog\link.command.1.tlog
e:\ydyun\study_project\remotectrl\remotectrl\debug\remotectrl.tlog\link.read.1.tlog
e:\ydyun\study_project\remotectrl\remotectrl\debug\remotectrl.tlog\link.secondary.1.tlog
e:\ydyun\study_project\remotectrl\remotectrl\debug\remotectrl.tlog\link.write.1.tlog
e:\ydyun\study_project\remotectrl\remotectrl\debug\remotectrl.tlog\rc.command.1.tlog
e:\ydyun\study_project\remotectrl\remotectrl\debug\remotectrl.tlog\rc.read.1.tlog
e:\ydyun\study_project\remotectrl\remotectrl\debug\remotectrl.tlog\rc.write.1.tlog
